2017-04-17 13:46:28 [scrapy] INFO: Scrapy 1.1.2 started (bot: disease)
2017-04-17 13:46:28 [scrapy] INFO: Overridden settings: {'NEWSPIDER_MODULE': 'disease.spiders', 'SPIDER_MODULES': ['disease.spiders'], 'BOT_NAME': 'disease'}
2017-04-17 13:46:28 [scrapy] INFO: Enabled extensions:
['scrapy.extensions.logstats.LogStats',
 'scrapy.extensions.telnet.TelnetConsole',
 'scrapy.extensions.corestats.CoreStats']
2017-04-17 13:46:28 [scrapy] INFO: Enabled downloader middlewares:
['scrapy.downloadermiddlewares.httpauth.HttpAuthMiddleware',
 'scrapy.downloadermiddlewares.downloadtimeout.DownloadTimeoutMiddleware',
 'scrapy.downloadermiddlewares.useragent.UserAgentMiddleware',
 'scrapy.downloadermiddlewares.retry.RetryMiddleware',
 'scrapy.downloadermiddlewares.defaultheaders.DefaultHeadersMiddleware',
 'scrapy.downloadermiddlewares.redirect.MetaRefreshMiddleware',
 'scrapy.downloadermiddlewares.httpcompression.HttpCompressionMiddleware',
 'scrapy.downloadermiddlewares.redirect.RedirectMiddleware',
 'scrapy.downloadermiddlewares.cookies.CookiesMiddleware',
 'scrapy.downloadermiddlewares.chunked.ChunkedTransferMiddleware',
 'scrapy.downloadermiddlewares.stats.DownloaderStats']
2017-04-17 13:46:29 [scrapy] INFO: Enabled spider middlewares:
['scrapy.spidermiddlewares.httperror.HttpErrorMiddleware',
 'scrapy.spidermiddlewares.offsite.OffsiteMiddleware',
 'scrapy.spidermiddlewares.referer.RefererMiddleware',
 'scrapy.spidermiddlewares.urllength.UrlLengthMiddleware',
 'scrapy.spidermiddlewares.depth.DepthMiddleware']
2017-04-17 13:46:29 [scrapy] INFO: Enabled item pipelines:
['disease.pipelines.DiseasePipeline']
2017-04-17 13:46:29 [scrapy] INFO: Spider opened
2017-04-17 13:46:29 [scrapy] INFO: Crawled 0 pages (at 0 pages/min), scraped 0 items (at 0 items/min)
2017-04-17 13:46:29 [scrapy] DEBUG: Telnet console listening on 127.0.0.1:6023
2017-04-17 13:46:29 [scrapy] DEBUG: Retrying <GET http://jbk.39.net/bw_t1/> (failed 1 times): [<twisted.python.failure.Failure twisted.internet.error.ConnectionDone: Connection was closed cleanly.>]
2017-04-17 13:46:29 [scrapy] DEBUG: Retrying <GET http://jbk.39.net/bw_t1/> (failed 2 times): [<twisted.python.failure.Failure twisted.internet.error.ConnectionDone: Connection was closed cleanly.>]
2017-04-17 13:46:29 [scrapy] DEBUG: Gave up retrying <GET http://jbk.39.net/bw_t1/> (failed 3 times): [<twisted.python.failure.Failure twisted.internet.error.ConnectionDone: Connection was closed cleanly.>]
2017-04-17 13:46:29 [scrapy] ERROR: Error downloading <GET http://jbk.39.net/bw_t1/>: [<twisted.python.failure.Failure twisted.internet.error.ConnectionDone: Connection was closed cleanly.>]
2017-04-17 13:46:29 [scrapy] INFO: Closing spider (finished)
2017-04-17 13:46:29 [scrapy] INFO: Dumping Scrapy stats:
{'downloader/exception_count': 3,
 'downloader/exception_type_count/twisted.web._newclient.ResponseNeverReceived': 3,
 'downloader/request_bytes': 642,
 'downloader/request_count': 3,
 'downloader/request_method_count/GET': 3,
 'finish_reason': 'finished',
 'finish_time': datetime.datetime(2017, 4, 17, 5, 46, 29, 491000),
 'log_count/DEBUG': 4,
 'log_count/ERROR': 1,
 'log_count/INFO': 7,
 'scheduler/dequeued': 3,
 'scheduler/dequeued/memory': 3,
 'scheduler/enqueued': 3,
 'scheduler/enqueued/memory': 3,
 'start_time': datetime.datetime(2017, 4, 17, 5, 46, 29, 32000)}
2017-04-17 13:46:29 [scrapy] INFO: Spider closed (finished)
