2017-05-15 16:30:48 [scrapy] INFO: Scrapy 1.1.2 started (bot: GGG2)
2017-05-15 16:30:48 [scrapy] INFO: Overridden settings: {'NEWSPIDER_MODULE': 'GGG2.spiders', 'SPIDER_MODULES': ['GGG2.spiders'], 'BOT_NAME': 'GGG2'}
2017-05-15 16:30:48 [scrapy] INFO: Enabled extensions:
['scrapy.extensions.logstats.LogStats',
 'scrapy.extensions.telnet.TelnetConsole',
 'scrapy.extensions.corestats.CoreStats']
2017-05-15 16:30:49 [scrapy] INFO: Enabled downloader middlewares:
['scrapy.downloadermiddlewares.httpauth.HttpAuthMiddleware',
 'scrapy.downloadermiddlewares.downloadtimeout.DownloadTimeoutMiddleware',
 'scrapy.downloadermiddlewares.useragent.UserAgentMiddleware',
 'scrapy.downloadermiddlewares.retry.RetryMiddleware',
 'scrapy.downloadermiddlewares.defaultheaders.DefaultHeadersMiddleware',
 'scrapy.downloadermiddlewares.redirect.MetaRefreshMiddleware',
 'scrapy.downloadermiddlewares.httpcompression.HttpCompressionMiddleware',
 'scrapy.downloadermiddlewares.redirect.RedirectMiddleware',
 'scrapy.downloadermiddlewares.cookies.CookiesMiddleware',
 'scrapy.downloadermiddlewares.chunked.ChunkedTransferMiddleware',
 'scrapy.downloadermiddlewares.stats.DownloaderStats']
2017-05-15 16:30:49 [scrapy] INFO: Enabled spider middlewares:
['scrapy.spidermiddlewares.httperror.HttpErrorMiddleware',
 'scrapy.spidermiddlewares.offsite.OffsiteMiddleware',
 'scrapy.spidermiddlewares.referer.RefererMiddleware',
 'scrapy.spidermiddlewares.urllength.UrlLengthMiddleware',
 'scrapy.spidermiddlewares.depth.DepthMiddleware']
2017-05-15 16:30:49 [scrapy] INFO: Enabled item pipelines:
['GGG2.pipelines.Ggg2Pipeline']
2017-05-15 16:30:49 [scrapy] INFO: Spider opened
2017-05-15 16:30:49 [scrapy] INFO: Crawled 0 pages (at 0 pages/min), scraped 0 items (at 0 items/min)
2017-05-15 16:30:49 [scrapy] DEBUG: Telnet console listening on 127.0.0.1:6023
2017-05-15 16:30:49 [scrapy] DEBUG: Crawled (200) <GET http://www.runoob.com/django/django-model.html> (referer: None)
2017-05-15 16:30:49 [scrapy] DEBUG: Scraped from <200 http://www.runoob.com/django/django-model.html>
{'h1': u'Django \u6a21\u578b'}
2017-05-15 16:30:49 [scrapy] DEBUG: Crawled (200) <GET http://www.runoob.com/django/django-nginx-uwsgi.html> (referer: http://www.runoob.com/django/django-model.html)
2017-05-15 16:30:49 [scrapy] DEBUG: Crawled (200) <GET http://www.runoob.com/django/django-install.html> (referer: http://www.runoob.com/django/django-model.html)
2017-05-15 16:30:49 [scrapy] DEBUG: Crawled (200) <GET http://www.runoob.com/django/django-model.html> (referer: http://www.runoob.com/django/django-model.html)
2017-05-15 16:30:49 [scrapy] DEBUG: Crawled (200) <GET http://www.runoob.com/django/django-first-app.html> (referer: http://www.runoob.com/django/django-model.html)
2017-05-15 16:30:49 [scrapy] DEBUG: Crawled (200) <GET http://www.runoob.com/django/django-admin-manage-tool.html> (referer: http://www.runoob.com/django/django-model.html)
2017-05-15 16:30:49 [scrapy] DEBUG: Crawled (200) <GET http://www.runoob.com/django/django-tutorial.html> (referer: http://www.runoob.com/django/django-model.html)
2017-05-15 16:30:49 [scrapy] DEBUG: Crawled (200) <GET http://www.runoob.com/django/django-form.html> (referer: http://www.runoob.com/django/django-model.html)
2017-05-15 16:30:49 [scrapy] DEBUG: Crawled (200) <GET http://www.runoob.com/django/django-template.html> (referer: http://www.runoob.com/django/django-model.html)
2017-05-15 16:30:49 [scrapy] DEBUG: Scraped from <200 http://www.runoob.com/django/django-nginx-uwsgi.html>
{'h1': u'Django Nginx+uwsgi \u5b89\u88c5\u914d\u7f6e'}
2017-05-15 16:30:49 [scrapy] DEBUG: Filtered duplicate request: <GET http://www.runoob.com/django/django-tutorial.html> - no more duplicates will be shown (see DUPEFILTER_DEBUG to show all duplicates)
2017-05-15 16:30:49 [scrapy] DEBUG: Scraped from <200 http://www.runoob.com/django/django-install.html>
{'h1': u'Django \u5b89\u88c5'}
2017-05-15 16:30:49 [scrapy] DEBUG: Scraped from <200 http://www.runoob.com/django/django-model.html>
{'h1': u'Django \u6a21\u578b'}
2017-05-15 16:30:49 [scrapy] DEBUG: Scraped from <200 http://www.runoob.com/django/django-first-app.html>
{'h1': u'Django \u521b\u5efa\u7b2c\u4e00\u4e2a\u9879\u76ee'}
2017-05-15 16:30:49 [scrapy] DEBUG: Scraped from <200 http://www.runoob.com/django/django-admin-manage-tool.html>
{'h1': u'Django Admin \u7ba1\u7406\u5de5\u5177'}
2017-05-15 16:30:49 [scrapy] DEBUG: Scraped from <200 http://www.runoob.com/django/django-tutorial.html>
{'h1': u'Django \u6559\u7a0b'}
2017-05-15 16:30:49 [scrapy] DEBUG: Scraped from <200 http://www.runoob.com/django/django-form.html>
{'h1': u'Django \u8868\u5355'}
2017-05-15 16:30:49 [scrapy] DEBUG: Scraped from <200 http://www.runoob.com/django/django-template.html>
{'h1': u'Django \u6a21\u677f'}
2017-05-15 16:30:49 [scrapy] INFO: Closing spider (finished)
2017-05-15 16:30:49 [scrapy] INFO: Dumping Scrapy stats:
{'downloader/request_bytes': 2609,
 'downloader/request_count': 9,
 'downloader/request_method_count/GET': 9,
 'downloader/response_bytes': 289108,
 'downloader/response_count': 9,
 'downloader/response_status_count/200': 9,
 'dupefilter/filtered': 64,
 'finish_reason': 'finished',
 'finish_time': datetime.datetime(2017, 5, 15, 8, 30, 49, 821000),
 'item_scraped_count': 9,
 'log_count/DEBUG': 20,
 'log_count/INFO': 7,
 'request_depth_max': 2,
 'response_received_count': 9,
 'scheduler/dequeued': 9,
 'scheduler/dequeued/memory': 9,
 'scheduler/enqueued': 9,
 'scheduler/enqueued/memory': 9,
 'start_time': datetime.datetime(2017, 5, 15, 8, 30, 49, 168000)}
2017-05-15 16:30:49 [scrapy] INFO: Spider closed (finished)
